<?xml version="1.0" encoding="UTF-8"?>
<pgeConfig>

	<!-- PGE commands -->
	<exe dir="[JobDir]" shell="/bin/bash">
		<cmd>cd [JobDir]</cmd>
                <cmd>python [PGE_ROOT]/test-workflow/pge.py --size 1 --heap 1 --time 1 --out output_Run_[Run]_Task_2_Node_[ProcessingNode].out</cmd>
	</exe>

	<customMetadata>
		<metadata key="ProductionDateTime" val="[DATE.UTC]" />
		<metadata key="JobDir" val="[PGE_ROOT]/test-workflow/jobs/[WorkflowInstId]" />
	</customMetadata>

	<!-- CAS Crawler directives -->
	<output>
	  <dir path="[JobDir]" createBeforeExe="false">
            <files regExp="output.*\.out" 
                   metFileWriterClass="org.apache.oodt.cas.pge.writers.metlist.MetadataListPcsMetFileWriter" 
                   args="[OODT_CONFIG]/test-workflow/pge-configs/metout.xml" />
        </dir>
	</output>


</pgeConfig>
