<?xml version="1.0" encoding="UTF-8"?>
<pgeConfig>

	<!-- PGE commands -->
	<exe dir="[JobDir]" shell="/bin/bash">
		<cmd>cd [JobDir]</cmd>
		<cmd>python [PGE_ROOT]/test-workflow/multi_pges.py --run [Run] --task 1 --pges 2</cmd>
	</exe>

	<customMetadata>
		<metadata key="ProductionDateTime" val="[DATE.UTC]" />
		<metadata key="JobDir" val="[PGE_ROOT]/test-workflow/jobs/[WorkflowInstId]" />
	</customMetadata>

</pgeConfig>
